<?xml version="1.0" encoding="UTF-8"?>
<testng-results skipped="0" failed="0" ignored="0" total="1" passed="1">
  <reporter-output>
    <line>
      <![CDATA[Execution of test case using : FlightbookingTest]]>
    </line>
  </reporter-output>
  <suite name="Default suite" duration-ms="69571" started-at="2020-07-03T05:28:10Z" finished-at="2020-07-03T05:29:20Z">
    <groups>
    </groups>
    <test name="Default test" duration-ms="69571" started-at="2020-07-03T05:28:10Z" finished-at="2020-07-03T05:29:20Z">
      <class name="com.tcs.saf.test.FlightBooking">
        <test-method status="PASS" signature="beforemethod()[pri:0, instance:com.tcs.saf.test.FlightBooking@65466a6a]" name="beforemethod" is-config="true" duration-ms="18628" started-at="2020-07-03T10:58:11Z" finished-at="2020-07-03T10:58:29Z">
          <reporter-output>
          </reporter-output>
        </test-method> <!-- beforemethod -->
        <test-method status="PASS" signature="FlightbookingTest()[pri:0, instance:com.tcs.saf.test.FlightBooking@65466a6a]" name="FlightbookingTest" duration-ms="47237" started-at="2020-07-03T10:58:29Z" finished-at="2020-07-03T10:59:16Z">
          <reporter-output>
            <line>
              <![CDATA[Execution of test case using : FlightbookingTest]]>
            </line>
          </reporter-output>
        </test-method> <!-- FlightbookingTest -->
        <test-method status="PASS" signature="afterMethod()[pri:0, instance:com.tcs.saf.test.FlightBooking@65466a6a]" name="afterMethod" is-config="true" duration-ms="3472" started-at="2020-07-03T10:59:17Z" finished-at="2020-07-03T10:59:20Z">
          <reporter-output>
          </reporter-output>
        </test-method> <!-- afterMethod -->
      </class> <!-- com.tcs.saf.test.FlightBooking -->
    </test> <!-- Default test -->
  </suite> <!-- Default suite -->
</testng-results>
